Item { 
    ident: #0, 
    owner_id: DefId(0:62 ~ ffi_checker[4c93]::utils::{extern#0}), 
    kind: ForeignMod { 
        abi: C { unwind: false }, 
        items: [
            ForeignItemRef { 
                id: ForeignItemId { 
                    owner_id: DefId(0:63 ~ ffi_checker[4c93]::utils::{extern#0}::greet) 
                }, 
                ident: greet#0, 
                span: src/utils.rs:190:5: 190:20 (#0) 
            }, 
            ForeignItemRef { 
                id: ForeignItemId { 
                    owner_id: DefId(0:64 ~ ffi_checker[4c93]::utils::{extern#0}::get_n_mem) 
                }, 
                ident: get_n_mem#0, 
                span: src/utils.rs:191:5: 191:59 (#0) 
            }
        ] 
    }, 
    span: src/utils.rs:189:1: 192:2 (#0), 
    vis_span: src/utils.rs:189:1: 189:1 (#0) 
}
